2025-08-01 11:10:50 - root - INFO - 日志系统初始化完成
2025-08-01 11:10:50 - root - INFO - 量化选股系统启动中...
2025-08-01 11:19:45 - root - INFO - 量化选股系统关闭中...
2025-08-01 11:36:15 - root - INFO - 日志系统初始化完成
2025-08-01 11:36:15 - root - INFO - 量化选股系统启动中...
2025-08-01 11:36:15 - sqlalchemy.engine.Engine - INFO - BEGIN (implicit)
2025-08-01 11:36:15 - sqlalchemy.engine.Engine - INFO - PRAGMA main.table_info("stocks")
2025-08-01 11:36:15 - sqlalchemy.engine.Engine - INFO - [raw sql] ()
2025-08-01 11:36:15 - sqlalchemy.engine.Engine - INFO - PRAGMA main.table_info("stock_daily")
2025-08-01 11:36:15 - sqlalchemy.engine.Engine - INFO - [raw sql] ()
2025-08-01 11:36:15 - sqlalchemy.engine.Engine - INFO - PRAGMA main.table_info("market_indices")
2025-08-01 11:36:15 - sqlalchemy.engine.Engine - INFO - [raw sql] ()
2025-08-01 11:36:15 - sqlalchemy.engine.Engine - INFO - PRAGMA main.table_info("watchlist")
2025-08-01 11:36:15 - sqlalchemy.engine.Engine - INFO - [raw sql] ()
2025-08-01 11:36:15 - sqlalchemy.engine.Engine - INFO - PRAGMA main.table_info("watchlist_groups")
2025-08-01 11:36:15 - sqlalchemy.engine.Engine - INFO - [raw sql] ()
2025-08-01 11:36:15 - sqlalchemy.engine.Engine - INFO - PRAGMA main.table_info("watchlist_group_members")
2025-08-01 11:36:15 - sqlalchemy.engine.Engine - INFO - [raw sql] ()
2025-08-01 11:36:15 - sqlalchemy.engine.Engine - INFO - PRAGMA main.table_info("factors")
2025-08-01 11:36:15 - sqlalchemy.engine.Engine - INFO - [raw sql] ()
2025-08-01 11:36:15 - sqlalchemy.engine.Engine - INFO - PRAGMA main.table_info("strategies")
2025-08-01 11:36:15 - sqlalchemy.engine.Engine - INFO - [raw sql] ()
2025-08-01 11:36:15 - sqlalchemy.engine.Engine - INFO - PRAGMA main.table_info("strategy_executions")
2025-08-01 11:36:15 - sqlalchemy.engine.Engine - INFO - [raw sql] ()
2025-08-01 11:36:15 - sqlalchemy.engine.Engine - INFO - PRAGMA main.table_info("selection_results")
2025-08-01 11:36:15 - sqlalchemy.engine.Engine - INFO - [raw sql] ()
2025-08-01 11:36:15 - sqlalchemy.engine.Engine - INFO - PRAGMA main.table_info("factor_values")
2025-08-01 11:36:15 - sqlalchemy.engine.Engine - INFO - [raw sql] ()
2025-08-01 11:36:15 - sqlalchemy.engine.Engine - INFO - COMMIT
2025-08-01 11:36:15 - app.db.database - INFO - 数据库初始化完成
2025-08-01 11:36:15 - sqlalchemy.engine.Engine - INFO - BEGIN (implicit)
2025-08-01 11:36:15 - sqlalchemy.engine.Engine - INFO - SELECT 1
2025-08-01 11:36:15 - sqlalchemy.engine.Engine - INFO - [generated in 0.00008s] ()
2025-08-01 11:36:15 - sqlalchemy.engine.Engine - INFO - ROLLBACK
2025-08-01 11:36:15 - root - INFO - 数据库连接正常
2025-08-01 11:36:22 - sqlalchemy.engine.Engine - INFO - BEGIN (implicit)
2025-08-01 11:36:22 - sqlalchemy.engine.Engine - INFO - SELECT market_indices.id AS market_indices_id, market_indices.symbol AS market_indices_symbol, market_indices.name AS market_indices_name, market_indices.trade_date AS market_indices_trade_date, market_indices.open AS market_indices_open, market_indices.high AS market_indices_high, market_indices.low AS market_indices_low, market_indices.close AS market_indices_close, market_indices.pre_close AS market_indices_pre_close, market_indices.change AS market_indices_change, market_indices.pct_chg AS market_indices_pct_chg, market_indices.vol AS market_indices_vol, market_indices.amount AS market_indices_amount, market_indices.created_at AS market_indices_created_at 
FROM market_indices ORDER BY market_indices.trade_date DESC
 LIMIT ? OFFSET ?
2025-08-01 11:36:22 - sqlalchemy.engine.Engine - INFO - [generated in 0.00020s] (10, 0)
2025-08-01 11:36:22 - app.api.v1.endpoints.market - INFO - 从Tushare获取最新指数数据
2025-08-01 11:36:23 - app.services.tushare_service - WARNING - 获取指数000001.SH数据失败: 您的token不对，请确认。
2025-08-01 11:36:24 - app.services.tushare_service - WARNING - 获取指数399001.SZ数据失败: 您的token不对，请确认。
2025-08-01 11:36:26 - app.services.tushare_service - WARNING - 获取指数399006.SZ数据失败: 您的token不对，请确认。
2025-08-01 11:36:26 - app.services.tushare_service - WARNING - 获取指数000300.SH数据失败: 您的token不对，请确认。
2025-08-01 11:36:27 - app.services.tushare_service - WARNING - 获取指数000905.SH数据失败: 您的token不对，请确认。
2025-08-01 11:36:28 - sqlalchemy.engine.Engine - INFO - BEGIN (implicit)
2025-08-01 11:36:28 - sqlalchemy.engine.Engine - INFO - SELECT watchlist.id AS watchlist_id, watchlist.symbol AS watchlist_symbol, watchlist.name AS watchlist_name, watchlist.user_id AS watchlist_user_id, watchlist.notes AS watchlist_notes, watchlist.tags AS watchlist_tags, watchlist.alert_enabled AS watchlist_alert_enabled, watchlist.alert_price_high AS watchlist_alert_price_high, watchlist.alert_price_low AS watchlist_alert_price_low, watchlist.alert_pct_change AS watchlist_alert_pct_change, watchlist.added_at AS watchlist_added_at, watchlist.updated_at AS watchlist_updated_at 
FROM watchlist 
WHERE watchlist.user_id = ? ORDER BY watchlist.added_at DESC
2025-08-01 11:36:28 - sqlalchemy.engine.Engine - INFO - [generated in 0.00017s] ('default',)
2025-08-01 11:36:28 - sqlalchemy.engine.Engine - INFO - SELECT stocks.symbol AS stocks_symbol, stocks.name AS stocks_name, stocks.industry AS stocks_industry, stocks.area AS stocks_area, stocks.market AS stocks_market, stocks.list_date AS stocks_list_date, stocks.list_status AS stocks_list_status, stocks.total_share AS stocks_total_share, stocks.float_share AS stocks_float_share, stocks.is_active AS stocks_is_active, stocks.created_at AS stocks_created_at, stocks.updated_at AS stocks_updated_at 
FROM stocks 
WHERE stocks.symbol = ?
 LIMIT ? OFFSET ?
2025-08-01 11:36:28 - sqlalchemy.engine.Engine - INFO - [generated in 0.00016s] ('000001.SZ', 1, 0)
2025-08-01 11:36:28 - sqlalchemy.engine.Engine - INFO - SELECT stocks.symbol AS stocks_symbol, stocks.name AS stocks_name, stocks.industry AS stocks_industry, stocks.area AS stocks_area, stocks.market AS stocks_market, stocks.list_date AS stocks_list_date, stocks.list_status AS stocks_list_status, stocks.total_share AS stocks_total_share, stocks.float_share AS stocks_float_share, stocks.is_active AS stocks_is_active, stocks.created_at AS stocks_created_at, stocks.updated_at AS stocks_updated_at 
FROM stocks 
WHERE stocks.symbol = ?
 LIMIT ? OFFSET ?
2025-08-01 11:36:28 - sqlalchemy.engine.Engine - INFO - [cached since 0.0007722s ago] ('000002.SZ', 1, 0)
2025-08-01 11:36:28 - sqlalchemy.engine.Engine - INFO - SELECT stocks.symbol AS stocks_symbol, stocks.name AS stocks_name, stocks.industry AS stocks_industry, stocks.area AS stocks_area, stocks.market AS stocks_market, stocks.list_date AS stocks_list_date, stocks.list_status AS stocks_list_status, stocks.total_share AS stocks_total_share, stocks.float_share AS stocks_float_share, stocks.is_active AS stocks_is_active, stocks.created_at AS stocks_created_at, stocks.updated_at AS stocks_updated_at 
FROM stocks 
WHERE stocks.symbol = ?
 LIMIT ? OFFSET ?
2025-08-01 11:36:28 - sqlalchemy.engine.Engine - INFO - [cached since 0.001119s ago] ('600036.SH', 1, 0)
2025-08-01 11:36:28 - sqlalchemy.engine.Engine - INFO - ROLLBACK
2025-08-01 11:36:28 - app.services.tushare_service - WARNING - 获取指数399905.SZ数据失败: 您的token不对，请确认。
2025-08-01 11:36:28 - sqlalchemy.engine.Engine - INFO - ROLLBACK
2025-08-01 11:37:00 - root - INFO - 量化选股系统关闭中...
2025-08-01 11:37:03 - root - INFO - 日志系统初始化完成
2025-08-01 11:37:03 - root - INFO - 量化选股系统启动中...
2025-08-01 11:37:03 - sqlalchemy.engine.Engine - INFO - BEGIN (implicit)
2025-08-01 11:37:03 - sqlalchemy.engine.Engine - INFO - PRAGMA main.table_info("stocks")
2025-08-01 11:37:03 - sqlalchemy.engine.Engine - INFO - [raw sql] ()
2025-08-01 11:37:03 - sqlalchemy.engine.Engine - INFO - PRAGMA main.table_info("stock_daily")
2025-08-01 11:37:03 - sqlalchemy.engine.Engine - INFO - [raw sql] ()
2025-08-01 11:37:03 - sqlalchemy.engine.Engine - INFO - PRAGMA main.table_info("market_indices")
2025-08-01 11:37:03 - sqlalchemy.engine.Engine - INFO - [raw sql] ()
2025-08-01 11:37:03 - sqlalchemy.engine.Engine - INFO - PRAGMA main.table_info("watchlist")
2025-08-01 11:37:03 - sqlalchemy.engine.Engine - INFO - [raw sql] ()
2025-08-01 11:37:03 - sqlalchemy.engine.Engine - INFO - PRAGMA main.table_info("watchlist_groups")
2025-08-01 11:37:03 - sqlalchemy.engine.Engine - INFO - [raw sql] ()
2025-08-01 11:37:03 - sqlalchemy.engine.Engine - INFO - PRAGMA main.table_info("watchlist_group_members")
2025-08-01 11:37:03 - sqlalchemy.engine.Engine - INFO - [raw sql] ()
2025-08-01 11:37:03 - sqlalchemy.engine.Engine - INFO - PRAGMA main.table_info("factors")
2025-08-01 11:37:03 - sqlalchemy.engine.Engine - INFO - [raw sql] ()
2025-08-01 11:37:03 - sqlalchemy.engine.Engine - INFO - PRAGMA main.table_info("strategies")
2025-08-01 11:37:03 - sqlalchemy.engine.Engine - INFO - [raw sql] ()
2025-08-01 11:37:03 - sqlalchemy.engine.Engine - INFO - PRAGMA main.table_info("strategy_executions")
2025-08-01 11:37:03 - sqlalchemy.engine.Engine - INFO - [raw sql] ()
2025-08-01 11:37:03 - sqlalchemy.engine.Engine - INFO - PRAGMA main.table_info("selection_results")
2025-08-01 11:37:03 - sqlalchemy.engine.Engine - INFO - [raw sql] ()
2025-08-01 11:37:03 - sqlalchemy.engine.Engine - INFO - PRAGMA main.table_info("factor_values")
2025-08-01 11:37:03 - sqlalchemy.engine.Engine - INFO - [raw sql] ()
2025-08-01 11:37:03 - sqlalchemy.engine.Engine - INFO - COMMIT
2025-08-01 11:37:03 - app.db.database - INFO - 数据库初始化完成
2025-08-01 11:37:03 - sqlalchemy.engine.Engine - INFO - BEGIN (implicit)
2025-08-01 11:37:03 - sqlalchemy.engine.Engine - INFO - SELECT 1
2025-08-01 11:37:03 - sqlalchemy.engine.Engine - INFO - [generated in 0.00009s] ()
2025-08-01 11:37:03 - sqlalchemy.engine.Engine - INFO - ROLLBACK
2025-08-01 11:37:03 - root - INFO - 数据库连接正常
2025-08-01 11:37:15 - root - INFO - 日志系统初始化完成
2025-08-01 11:37:15 - root - INFO - 量化选股系统启动中...
2025-08-01 11:37:15 - sqlalchemy.engine.Engine - INFO - BEGIN (implicit)
2025-08-01 11:37:15 - sqlalchemy.engine.Engine - INFO - PRAGMA main.table_info("stocks")
2025-08-01 11:37:15 - sqlalchemy.engine.Engine - INFO - [raw sql] ()
2025-08-01 11:37:15 - sqlalchemy.engine.Engine - INFO - PRAGMA main.table_info("stock_daily")
2025-08-01 11:37:15 - sqlalchemy.engine.Engine - INFO - [raw sql] ()
2025-08-01 11:37:15 - sqlalchemy.engine.Engine - INFO - PRAGMA main.table_info("market_indices")
2025-08-01 11:37:15 - sqlalchemy.engine.Engine - INFO - [raw sql] ()
2025-08-01 11:37:15 - sqlalchemy.engine.Engine - INFO - PRAGMA main.table_info("watchlist")
2025-08-01 11:37:15 - sqlalchemy.engine.Engine - INFO - [raw sql] ()
2025-08-01 11:37:15 - sqlalchemy.engine.Engine - INFO - PRAGMA main.table_info("watchlist_groups")
2025-08-01 11:37:15 - sqlalchemy.engine.Engine - INFO - [raw sql] ()
2025-08-01 11:37:15 - sqlalchemy.engine.Engine - INFO - PRAGMA main.table_info("watchlist_group_members")
2025-08-01 11:37:15 - sqlalchemy.engine.Engine - INFO - [raw sql] ()
2025-08-01 11:37:15 - sqlalchemy.engine.Engine - INFO - PRAGMA main.table_info("factors")
2025-08-01 11:37:15 - sqlalchemy.engine.Engine - INFO - [raw sql] ()
2025-08-01 11:37:15 - sqlalchemy.engine.Engine - INFO - PRAGMA main.table_info("strategies")
2025-08-01 11:37:15 - sqlalchemy.engine.Engine - INFO - [raw sql] ()
2025-08-01 11:37:15 - sqlalchemy.engine.Engine - INFO - PRAGMA main.table_info("strategy_executions")
2025-08-01 11:37:15 - sqlalchemy.engine.Engine - INFO - [raw sql] ()
2025-08-01 11:37:15 - sqlalchemy.engine.Engine - INFO - PRAGMA main.table_info("selection_results")
2025-08-01 11:37:15 - sqlalchemy.engine.Engine - INFO - [raw sql] ()
2025-08-01 11:37:15 - sqlalchemy.engine.Engine - INFO - PRAGMA main.table_info("factor_values")
2025-08-01 11:37:15 - sqlalchemy.engine.Engine - INFO - [raw sql] ()
2025-08-01 11:37:15 - sqlalchemy.engine.Engine - INFO - COMMIT
2025-08-01 11:37:15 - app.db.database - INFO - 数据库初始化完成
2025-08-01 11:37:15 - sqlalchemy.engine.Engine - INFO - BEGIN (implicit)
2025-08-01 11:37:15 - sqlalchemy.engine.Engine - INFO - SELECT 1
2025-08-01 11:37:15 - sqlalchemy.engine.Engine - INFO - [generated in 0.00010s] ()
2025-08-01 11:37:15 - sqlalchemy.engine.Engine - INFO - ROLLBACK
2025-08-01 11:37:15 - root - INFO - 数据库连接正常
2025-08-01 20:09:59 - root - INFO - 日志系统初始化完成
2025-08-01 20:09:59 - root - INFO - 量化选股系统启动中...
2025-08-01 20:09:59 - sqlalchemy.engine.Engine - INFO - BEGIN (implicit)
2025-08-01 20:09:59 - sqlalchemy.engine.Engine - INFO - PRAGMA main.table_info("stocks")
2025-08-01 20:09:59 - sqlalchemy.engine.Engine - INFO - [raw sql] ()
2025-08-01 20:09:59 - sqlalchemy.engine.Engine - INFO - PRAGMA main.table_info("stock_daily")
2025-08-01 20:09:59 - sqlalchemy.engine.Engine - INFO - [raw sql] ()
2025-08-01 20:09:59 - sqlalchemy.engine.Engine - INFO - PRAGMA main.table_info("market_indices")
2025-08-01 20:09:59 - sqlalchemy.engine.Engine - INFO - [raw sql] ()
2025-08-01 20:09:59 - sqlalchemy.engine.Engine - INFO - PRAGMA main.table_info("watchlist")
2025-08-01 20:09:59 - sqlalchemy.engine.Engine - INFO - [raw sql] ()
2025-08-01 20:09:59 - sqlalchemy.engine.Engine - INFO - PRAGMA main.table_info("watchlist_groups")
2025-08-01 20:09:59 - sqlalchemy.engine.Engine - INFO - [raw sql] ()
2025-08-01 20:09:59 - sqlalchemy.engine.Engine - INFO - PRAGMA main.table_info("watchlist_group_members")
2025-08-01 20:09:59 - sqlalchemy.engine.Engine - INFO - [raw sql] ()
2025-08-01 20:09:59 - sqlalchemy.engine.Engine - INFO - PRAGMA main.table_info("factors")
2025-08-01 20:09:59 - sqlalchemy.engine.Engine - INFO - [raw sql] ()
2025-08-01 20:09:59 - sqlalchemy.engine.Engine - INFO - PRAGMA main.table_info("strategies")
2025-08-01 20:09:59 - sqlalchemy.engine.Engine - INFO - [raw sql] ()
2025-08-01 20:09:59 - sqlalchemy.engine.Engine - INFO - PRAGMA main.table_info("strategy_executions")
2025-08-01 20:09:59 - sqlalchemy.engine.Engine - INFO - [raw sql] ()
2025-08-01 20:09:59 - sqlalchemy.engine.Engine - INFO - PRAGMA main.table_info("selection_results")
2025-08-01 20:09:59 - sqlalchemy.engine.Engine - INFO - [raw sql] ()
2025-08-01 20:09:59 - sqlalchemy.engine.Engine - INFO - PRAGMA main.table_info("factor_values")
2025-08-01 20:09:59 - sqlalchemy.engine.Engine - INFO - [raw sql] ()
2025-08-01 20:09:59 - sqlalchemy.engine.Engine - INFO - COMMIT
2025-08-01 20:09:59 - app.db.database - INFO - 数据库初始化完成
2025-08-01 20:09:59 - sqlalchemy.engine.Engine - INFO - BEGIN (implicit)
2025-08-01 20:09:59 - sqlalchemy.engine.Engine - INFO - SELECT 1
2025-08-01 20:09:59 - sqlalchemy.engine.Engine - INFO - [generated in 0.00006s] ()
2025-08-01 20:09:59 - sqlalchemy.engine.Engine - INFO - ROLLBACK
2025-08-01 20:09:59 - root - INFO - 数据库连接正常
2025-08-01 12:40:35 - root - INFO - 日志系统初始化完成
2025-08-01 12:40:35 - root - INFO - 量化选股系统启动中...
2025-08-01 12:40:35 - sqlalchemy.engine.Engine - INFO - BEGIN (implicit)
2025-08-01 12:40:35 - sqlalchemy.engine.Engine - INFO - PRAGMA main.table_info("stocks")
2025-08-01 12:40:35 - sqlalchemy.engine.Engine - INFO - [raw sql] ()
2025-08-01 12:40:35 - sqlalchemy.engine.Engine - INFO - PRAGMA main.table_info("stock_daily")
2025-08-01 12:40:35 - sqlalchemy.engine.Engine - INFO - [raw sql] ()
2025-08-01 12:40:35 - sqlalchemy.engine.Engine - INFO - PRAGMA main.table_info("market_indices")
2025-08-01 12:40:35 - sqlalchemy.engine.Engine - INFO - [raw sql] ()
2025-08-01 12:40:35 - sqlalchemy.engine.Engine - INFO - PRAGMA main.table_info("watchlist")
2025-08-01 12:40:35 - sqlalchemy.engine.Engine - INFO - [raw sql] ()
2025-08-01 12:40:35 - sqlalchemy.engine.Engine - INFO - PRAGMA main.table_info("watchlist_groups")
2025-08-01 12:40:35 - sqlalchemy.engine.Engine - INFO - [raw sql] ()
2025-08-01 12:40:35 - sqlalchemy.engine.Engine - INFO - PRAGMA main.table_info("watchlist_group_members")
2025-08-01 12:40:35 - sqlalchemy.engine.Engine - INFO - [raw sql] ()
2025-08-01 12:40:35 - sqlalchemy.engine.Engine - INFO - PRAGMA main.table_info("factors")
2025-08-01 12:40:35 - sqlalchemy.engine.Engine - INFO - [raw sql] ()
2025-08-01 12:40:35 - sqlalchemy.engine.Engine - INFO - PRAGMA main.table_info("strategies")
2025-08-01 12:40:35 - sqlalchemy.engine.Engine - INFO - [raw sql] ()
2025-08-01 12:40:35 - sqlalchemy.engine.Engine - INFO - PRAGMA main.table_info("strategy_executions")
2025-08-01 12:40:35 - sqlalchemy.engine.Engine - INFO - [raw sql] ()
2025-08-01 12:40:35 - sqlalchemy.engine.Engine - INFO - PRAGMA main.table_info("selection_results")
2025-08-01 12:40:35 - sqlalchemy.engine.Engine - INFO - [raw sql] ()
2025-08-01 12:40:35 - sqlalchemy.engine.Engine - INFO - PRAGMA main.table_info("factor_values")
2025-08-01 12:40:35 - sqlalchemy.engine.Engine - INFO - [raw sql] ()
2025-08-01 12:40:35 - sqlalchemy.engine.Engine - INFO - COMMIT
2025-08-01 12:40:35 - app.db.database - INFO - 数据库初始化完成
2025-08-01 12:40:35 - sqlalchemy.engine.Engine - INFO - BEGIN (implicit)
2025-08-01 12:40:35 - sqlalchemy.engine.Engine - INFO - SELECT 1
2025-08-01 12:40:35 - sqlalchemy.engine.Engine - INFO - [generated in 0.00011s] ()
2025-08-01 12:40:35 - sqlalchemy.engine.Engine - INFO - ROLLBACK
2025-08-01 12:40:35 - root - INFO - 数据库连接正常
2025-08-01 12:53:58 - root - INFO - 量化选股系统关闭中...
2025-08-01 12:53:59 - root - INFO - 日志系统初始化完成
2025-08-01 12:53:59 - root - INFO - 量化选股系统启动中...
2025-08-01 12:53:59 - sqlalchemy.engine.Engine - INFO - BEGIN (implicit)
2025-08-01 12:53:59 - sqlalchemy.engine.Engine - INFO - PRAGMA main.table_info("stocks")
2025-08-01 12:53:59 - sqlalchemy.engine.Engine - INFO - [raw sql] ()
2025-08-01 12:53:59 - sqlalchemy.engine.Engine - INFO - PRAGMA main.table_info("stock_daily")
2025-08-01 12:53:59 - sqlalchemy.engine.Engine - INFO - [raw sql] ()
2025-08-01 12:53:59 - sqlalchemy.engine.Engine - INFO - PRAGMA main.table_info("market_indices")
2025-08-01 12:53:59 - sqlalchemy.engine.Engine - INFO - [raw sql] ()
2025-08-01 12:53:59 - sqlalchemy.engine.Engine - INFO - PRAGMA main.table_info("watchlist")
2025-08-01 12:53:59 - sqlalchemy.engine.Engine - INFO - [raw sql] ()
2025-08-01 12:53:59 - sqlalchemy.engine.Engine - INFO - PRAGMA main.table_info("watchlist_groups")
2025-08-01 12:53:59 - sqlalchemy.engine.Engine - INFO - [raw sql] ()
2025-08-01 12:53:59 - sqlalchemy.engine.Engine - INFO - PRAGMA main.table_info("watchlist_group_members")
2025-08-01 12:53:59 - sqlalchemy.engine.Engine - INFO - [raw sql] ()
2025-08-01 12:53:59 - sqlalchemy.engine.Engine - INFO - PRAGMA main.table_info("factors")
2025-08-01 12:53:59 - sqlalchemy.engine.Engine - INFO - [raw sql] ()
2025-08-01 12:53:59 - sqlalchemy.engine.Engine - INFO - PRAGMA main.table_info("strategies")
2025-08-01 12:53:59 - sqlalchemy.engine.Engine - INFO - [raw sql] ()
2025-08-01 12:53:59 - sqlalchemy.engine.Engine - INFO - PRAGMA main.table_info("strategy_executions")
2025-08-01 12:53:59 - sqlalchemy.engine.Engine - INFO - [raw sql] ()
2025-08-01 12:53:59 - sqlalchemy.engine.Engine - INFO - PRAGMA main.table_info("selection_results")
2025-08-01 12:53:59 - sqlalchemy.engine.Engine - INFO - [raw sql] ()
2025-08-01 12:53:59 - sqlalchemy.engine.Engine - INFO - PRAGMA main.table_info("factor_values")
2025-08-01 12:53:59 - sqlalchemy.engine.Engine - INFO - [raw sql] ()
2025-08-01 12:53:59 - sqlalchemy.engine.Engine - INFO - COMMIT
2025-08-01 12:53:59 - app.db.database - INFO - 数据库初始化完成
2025-08-01 12:53:59 - sqlalchemy.engine.Engine - INFO - BEGIN (implicit)
2025-08-01 12:53:59 - sqlalchemy.engine.Engine - INFO - SELECT 1
2025-08-01 12:53:59 - sqlalchemy.engine.Engine - INFO - [generated in 0.00009s] ()
2025-08-01 12:53:59 - sqlalchemy.engine.Engine - INFO - ROLLBACK
2025-08-01 12:53:59 - root - INFO - 数据库连接正常
